<?xml version="1.0" encoding="UTF-8"?>
<testng-results skipped="0" failed="0" ignored="0" total="1" passed="1">
  <reporter-output>
  </reporter-output>
  <suite name="Surefire suite" duration-ms="10" started-at="2021-10-13T07:43:12Z" finished-at="2021-10-13T07:43:12Z">
    <groups>
    </groups>
    <test name="Surefire test" duration-ms="10" started-at="2021-10-13T07:43:12Z" finished-at="2021-10-13T07:43:12Z">
      <class name="ToolsQA.AppTest">
        <test-method status="PASS" signature="testApp()[pri:0, instance:testApp(ToolsQA.AppTest)]" name="testApp" duration-ms="2" started-at="2021-10-13T07:43:12Z" finished-at="2021-10-13T07:43:12Z">
          <reporter-output>
          </reporter-output>
        </test-method> <!-- testApp -->
      </class> <!-- ToolsQA.AppTest -->
    </test> <!-- Surefire test -->
  </suite> <!-- Surefire suite -->
</testng-results>
