<?xml version="1.0" encoding="UTF-8"?>
<testng-results skipped="0" failed="1" ignored="0" total="2" passed="1">
  <reporter-output>
  </reporter-output>
  <suite name="Surefire suite" duration-ms="2716" started-at="2021-10-13T07:43:09Z" finished-at="2021-10-13T07:43:12Z">
    <groups>
    </groups>
    <test name="Surefire test" duration-ms="2716" started-at="2021-10-13T07:43:09Z" finished-at="2021-10-13T07:43:12Z">
      <class name="ToolsQA.SeleniumTest">
        <test-method status="PASS" signature="postjira()[pri:0, instance:ToolsQA.SeleniumTest@6d4b1c02]" name="postjira" duration-ms="0" started-at="2021-10-13T07:43:12Z" finished-at="2021-10-13T07:43:12Z">
          <reporter-output>
          </reporter-output>
        </test-method> <!-- postjira -->
      </class> <!-- ToolsQA.SeleniumTest -->
      <class name="ToolsQA.ChinaTest">
        <test-method status="FAIL" signature="getdata123()[pri:0, instance:ToolsQA.ChinaTest@7cd62f43]" name="getdata123" duration-ms="2646" started-at="2021-10-13T07:43:09Z" finished-at="2021-10-13T07:43:12Z">
          <exception class="org.openqa.selenium.SessionNotCreatedException">
            <message>
              <![CDATA[session not created: This version of ChromeDriver only supports Chrome version 90
Current browser version is 94.0.4606.71 with binary path C:\Program Files (x86)\Google\Chrome\Application\chrome.exe
Build info: version: '3.141.59', revision: 'e82be7d358', time: '2018-11-14T08:17:03'
System info: host: 'JAY', ip: '192.168.56.1', os.name: 'Windows 10', os.arch: 'amd64', os.version: '10.0', java.version: '1.8.0_111'
Driver info: driver.version: ChromeDriver
remote stacktrace: Backtrace:
Ordinal0 [0x00C2C013+2474003]
Ordinal0 [0x00BC29C1+2042305]
Ordinal0 [0x00AD2F68+1060712]
Ordinal0 [0x00AF188E+1185934]
Ordinal0 [0x00AED600+1168896]
Ordinal0 [0x00AEAA83+1157763]
Ordinal0 [0x00B1A2A2+1352354]
Ordinal0 [0x00B18FAA+1347498]
Ordinal0 [0x00B166DB+1337051]
Ordinal0 [0x00AF3427+1192999]
Ordinal0 [0x00AF42EE+1196782]
Ordinal0 [0x00AF4279+1196665]
GetHandleVerifier [0x00DB96FC+1590332]
GetHandleVerifier [0x00E68614+2306900]
GetHandleVerifier [0x00CB9E93+543699]
GetHandleVerifier [0x00CB92CE+540686]
Ordinal0 [0x00BC86BA+2066106]
Ordinal0 [0x00BCD1C8+2085320]
Ordinal0 [0x00BCD308+2085640]
Ordinal0 [0x00BD67F3+2123763]
BaseThreadInitThunk [0x77048494+36]
RtlAreBitsSet [0x772641C8+136]
RtlAreBitsSet [0x77264198+88]
]]>
            </message>
            <full-stacktrace>
              <![CDATA[org.openqa.selenium.SessionNotCreatedException: session not created: This version of ChromeDriver only supports Chrome version 90
Current browser version is 94.0.4606.71 with binary path C:\Program Files (x86)\Google\Chrome\Application\chrome.exe
Build info: version: '3.141.59', revision: 'e82be7d358', time: '2018-11-14T08:17:03'
System info: host: 'JAY', ip: '192.168.56.1', os.name: 'Windows 10', os.arch: 'amd64', os.version: '10.0', java.version: '1.8.0_111'
Driver info: driver.version: ChromeDriver
remote stacktrace: Backtrace:
Ordinal0 [0x00C2C013+2474003]
Ordinal0 [0x00BC29C1+2042305]
Ordinal0 [0x00AD2F68+1060712]
Ordinal0 [0x00AF188E+1185934]
Ordinal0 [0x00AED600+1168896]
Ordinal0 [0x00AEAA83+1157763]
Ordinal0 [0x00B1A2A2+1352354]
Ordinal0 [0x00B18FAA+1347498]
Ordinal0 [0x00B166DB+1337051]
Ordinal0 [0x00AF3427+1192999]
Ordinal0 [0x00AF42EE+1196782]
Ordinal0 [0x00AF4279+1196665]
GetHandleVerifier [0x00DB96FC+1590332]
GetHandleVerifier [0x00E68614+2306900]
GetHandleVerifier [0x00CB9E93+543699]
GetHandleVerifier [0x00CB92CE+540686]
Ordinal0 [0x00BC86BA+2066106]
Ordinal0 [0x00BCD1C8+2085320]
Ordinal0 [0x00BCD308+2085640]
Ordinal0 [0x00BD67F3+2123763]
BaseThreadInitThunk [0x77048494+36]
RtlAreBitsSet [0x772641C8+136]
RtlAreBitsSet [0x77264198+88]

at sun.reflect.NativeConstructorAccessorImpl.newInstance0(Native Method)
at sun.reflect.NativeConstructorAccessorImpl.newInstance(NativeConstructorAccessorImpl.java:62)
at sun.reflect.DelegatingConstructorAccessorImpl.newInstance(DelegatingConstructorAccessorImpl.java:45)
at java.lang.reflect.Constructor.newInstance(Constructor.java:423)
at org.openqa.selenium.remote.W3CHandshakeResponse.lambda$errorHandler$0(W3CHandshakeResponse.java:62)
at org.openqa.selenium.remote.HandshakeResponse.lambda$getResponseFunction$0(HandshakeResponse.java:30)
at org.openqa.selenium.remote.ProtocolHandshake.lambda$createSession$0(ProtocolHandshake.java:126)
at java.util.stream.ReferencePipeline$3$1.accept(ReferencePipeline.java:193)
at java.util.Spliterators$ArraySpliterator.tryAdvance(Spliterators.java:958)
at java.util.stream.ReferencePipeline.forEachWithCancel(ReferencePipeline.java:126)
at java.util.stream.AbstractPipeline.copyIntoWithCancel(AbstractPipeline.java:498)
at java.util.stream.AbstractPipeline.copyInto(AbstractPipeline.java:485)
at java.util.stream.AbstractPipeline.wrapAndCopyInto(AbstractPipeline.java:471)
at java.util.stream.FindOps$FindOp.evaluateSequential(FindOps.java:152)
at java.util.stream.AbstractPipeline.evaluate(AbstractPipeline.java:234)
at java.util.stream.ReferencePipeline.findFirst(ReferencePipeline.java:464)
at org.openqa.selenium.remote.ProtocolHandshake.createSession(ProtocolHandshake.java:128)
at org.openqa.selenium.remote.ProtocolHandshake.createSession(ProtocolHandshake.java:74)
at org.openqa.selenium.remote.HttpCommandExecutor.execute(HttpCommandExecutor.java:136)
at org.openqa.selenium.remote.service.DriverCommandExecutor.execute(DriverCommandExecutor.java:83)
at org.openqa.selenium.remote.RemoteWebDriver.execute(RemoteWebDriver.java:552)
at org.openqa.selenium.remote.RemoteWebDriver.startSession(RemoteWebDriver.java:213)
at org.openqa.selenium.remote.RemoteWebDriver.<init>(RemoteWebDriver.java:131)
at org.openqa.selenium.chrome.ChromeDriver.<init>(ChromeDriver.java:181)
at org.openqa.selenium.chrome.ChromeDriver.<init>(ChromeDriver.java:168)
at org.openqa.selenium.chrome.ChromeDriver.<init>(ChromeDriver.java:123)
at resources.Base.initializeDriver(Base.java:27)
at ToolsQA.ChinaTest.getdata123(ChinaTest.java:20)
at sun.reflect.NativeMethodAccessorImpl.invoke0(Native Method)
at sun.reflect.NativeMethodAccessorImpl.invoke(NativeMethodAccessorImpl.java:62)
at sun.reflect.DelegatingMethodAccessorImpl.invoke(DelegatingMethodAccessorImpl.java:43)
at java.lang.reflect.Method.invoke(Method.java:498)
at org.testng.internal.MethodInvocationHelper.invokeMethod(MethodInvocationHelper.java:124)
at org.testng.internal.Invoker.invokeMethod(Invoker.java:583)
at org.testng.internal.Invoker.invokeTestMethod(Invoker.java:719)
at org.testng.internal.Invoker.invokeTestMethods(Invoker.java:989)
at org.testng.internal.TestMethodWorker.invokeTestMethods(TestMethodWorker.java:125)
at org.testng.internal.TestMethodWorker.run(TestMethodWorker.java:109)
at org.testng.TestRunner.privateRun(TestRunner.java:648)
at org.testng.TestRunner.run(TestRunner.java:505)
at org.testng.SuiteRunner.runTest(SuiteRunner.java:455)
at org.testng.SuiteRunner.runSequentially(SuiteRunner.java:450)
at org.testng.SuiteRunner.privateRun(SuiteRunner.java:415)
at org.testng.SuiteRunner.run(SuiteRunner.java:364)
at org.testng.SuiteRunnerWorker.runSuite(SuiteRunnerWorker.java:52)
at org.testng.SuiteRunnerWorker.run(SuiteRunnerWorker.java:84)
at org.testng.TestNG.runSuitesSequentially(TestNG.java:1208)
at org.testng.TestNG.runSuitesLocally(TestNG.java:1137)
at org.testng.TestNG.runSuites(TestNG.java:1049)
at org.testng.TestNG.run(TestNG.java:1017)
at org.apache.maven.surefire.testng.TestNGExecutor.run(TestNGExecutor.java:136)
at org.apache.maven.surefire.testng.TestNGDirectoryTestSuite.executeMulti(TestNGDirectoryTestSuite.java:193)
at org.apache.maven.surefire.testng.TestNGDirectoryTestSuite.execute(TestNGDirectoryTestSuite.java:94)
at org.apache.maven.surefire.testng.TestNGProvider.invoke(TestNGProvider.java:145)
at org.apache.maven.surefire.booter.ForkedBooter.runSuitesInProcess(ForkedBooter.java:428)
at org.apache.maven.surefire.booter.ForkedBooter.execute(ForkedBooter.java:162)
at org.apache.maven.surefire.booter.ForkedBooter.run(ForkedBooter.java:562)
at org.apache.maven.surefire.booter.ForkedBooter.main(ForkedBooter.java:548)
]]>
            </full-stacktrace>
          </exception> <!-- org.openqa.selenium.SessionNotCreatedException -->
          <reporter-output>
          </reporter-output>
        </test-method> <!-- getdata123 -->
      </class> <!-- ToolsQA.ChinaTest -->
    </test> <!-- Surefire test -->
  </suite> <!-- Surefire suite -->
</testng-results>
