<?xml version="1.0" encoding="UTF-8"?>
<testsuite xmlns:xsi="http://www.w3.org/2001/XMLSchema-instance" xsi:noNamespaceSchemaLocation="https://maven.apache.org/surefire/maven-surefire-plugin/xsd/surefire-test-report-3.0.xsd" version="3.0" name="TestSuite" time="3.566" tests="3" errors="0" skipped="0" failures="1">
  <properties>
[...]
</properties>
  <testcase name="getdata123" classname="ToolsQA.ChinaTest" time="2.683">
    <failure message="session not created: This version of ChromeDriver only supports Chrome version 90&#10;Current browser version is 94.0.4606.71 with binary path C:\Program Files (x86)\Google\Chrome\Application\chrome.exe&#10;Build info: version: &apos;3.141.59&apos;, revision: &apos;e82be7d358&apos;, time: &apos;2018-11-14T08:17:03&apos;&#10;System info: host: &apos;JAY&apos;, ip: &apos;192.168.56.1&apos;, os.name: &apos;Windows 10&apos;, os.arch: &apos;amd64&apos;, os.version: &apos;10.0&apos;, java.version: &apos;1.8.0_111&apos;&#10;Driver info: driver.version: ChromeDriver&#10;remote stacktrace: Backtrace:&#10;	Ordinal0 [0x00C2C013+2474003]&#10;	Ordinal0 [0x00BC29C1+2042305]&#10;	Ordinal0 [0x00AD2F68+1060712]&#10;	Ordinal0 [0x00AF188E+1185934]&#10;	Ordinal0 [0x00AED600+1168896]&#10;	Ordinal0 [0x00AEAA83+1157763]&#10;	Ordinal0 [0x00B1A2A2+1352354]&#10;	Ordinal0 [0x00B18FAA+1347498]&#10;	Ordinal0 [0x00B166DB+1337051]&#10;	Ordinal0 [0x00AF3427+1192999]&#10;	Ordinal0 [0x00AF42EE+1196782]&#10;	Ordinal0 [0x00AF4279+1196665]&#10;	GetHandleVerifier [0x00DB96FC+1590332]&#10;	GetHandleVerifier [0x00E68614+2306900]&#10;	GetHandleVerifier [0x00CB9E93+543699]&#10;	GetHandleVerifier [0x00CB92CE+540686]&#10;	Ordinal0 [0x00BC86BA+2066106]&#10;	Ordinal0 [0x00BCD1C8+2085320]&#10;	Ordinal0 [0x00BCD308+2085640]&#10;	Ordinal0 [0x00BD67F3+2123763]&#10;	BaseThreadInitThunk [0x77048494+36]&#10;	RtlAreBitsSet [0x772641C8+136]&#10;	RtlAreBitsSet [0x77264198+88]&#10;" type="org.openqa.selenium.SessionNotCreatedException"><![CDATA[org.openqa.selenium.SessionNotCreatedException: 
session not created: This version of ChromeDriver only supports Chrome version 90
Current browser version is 94.0.4606.71 with binary path C:\Program Files (x86)\Google\Chrome\Application\chrome.exe
Build info: version: '3.141.59', revision: 'e82be7d358', time: '2018-11-14T08:17:03'
System info: host: 'JAY', ip: '192.168.56.1', os.name: 'Windows 10', os.arch: 'amd64', os.version: '10.0', java.version: '1.8.0_111'
Driver info: driver.version: ChromeDriver
remote stacktrace: Backtrace:
	Ordinal0 [0x00C2C013+2474003]
	Ordinal0 [0x00BC29C1+2042305]
	Ordinal0 [0x00AD2F68+1060712]
	Ordinal0 [0x00AF188E+1185934]
	Ordinal0 [0x00AED600+1168896]
	Ordinal0 [0x00AEAA83+1157763]
	Ordinal0 [0x00B1A2A2+1352354]
	Ordinal0 [0x00B18FAA+1347498]
	Ordinal0 [0x00B166DB+1337051]
	Ordinal0 [0x00AF3427+1192999]
	Ordinal0 [0x00AF42EE+1196782]
	Ordinal0 [0x00AF4279+1196665]
	GetHandleVerifier [0x00DB96FC+1590332]
	GetHandleVerifier [0x00E68614+2306900]
	GetHandleVerifier [0x00CB9E93+543699]
	GetHandleVerifier [0x00CB92CE+540686]
	Ordinal0 [0x00BC86BA+2066106]
	Ordinal0 [0x00BCD1C8+2085320]
	Ordinal0 [0x00BCD308+2085640]
	Ordinal0 [0x00BD67F3+2123763]
	BaseThreadInitThunk [0x77048494+36]
	RtlAreBitsSet [0x772641C8+136]
	RtlAreBitsSet [0x77264198+88]

	at ToolsQA.ChinaTest.getdata123(ChinaTest.java:20)
]]></failure>
    <system-err><![CDATA[Starting ChromeDriver 90.0.4430.24 (4c6d850f087da467d926e8eddb76550aed655991-refs/branch-heads/4430@{#429}) on port 44359
Only local connections are allowed.
Please see https://chromedriver.chromium.org/security-considerations for suggestions on keeping ChromeDriver safe.
ChromeDriver was started successfully.
]]></system-err>
  </testcase>
  <testcase name="postjira" classname="ToolsQA.SeleniumTest" time="0.001">
    <system-out><![CDATA[lavanya
]]></system-out>
  </testcase>
  <testcase name="testApp on testApp(ToolsQA.AppTest)" classname="ToolsQA.AppTest" time="0.164"/>
</testsuite>