<?xml version="1.0" encoding="UTF-8"?>
<testng-results skipped="0" failed="0" ignored="0" total="1" passed="1">
  <reporter-output>
  </reporter-output>
  <suite name="Default suite" duration-ms="67210" started-at="2022-02-10T14:04:18Z" finished-at="2022-02-10T14:05:25Z">
    <groups>
    </groups>
    <test name="Default test" duration-ms="67210" started-at="2022-02-10T14:04:18Z" finished-at="2022-02-10T14:05:25Z">
      <class name="ToolsQA.RunTest2">
        <test-method status="PASS" signature="getdata()[pri:0, instance:ToolsQA.RunTest2@78c03f1f]" name="getdata" duration-ms="67161" started-at="2022-02-10T14:04:18Z" finished-at="2022-02-10T14:05:25Z">
          <reporter-output>
          </reporter-output>
        </test-method> <!-- getdata -->
      </class> <!-- ToolsQA.RunTest2 -->
    </test> <!-- Default test -->
  </suite> <!-- Default suite -->
</testng-results>
